# JRE version: OpenJDK Runtime Environment Temurin-17.0.11+9 (17.0.11+9) (build 17.0.11+9)
# Java VM: OpenJDK 64-Bit Server VM Temurin-17.0.11+9 (17.0.11+9, mixed mode, tiered, compressed oops, compressed class ptrs, parallel gc, linux-amd64)
GC Precious Log:
 CPUs: 4 total, 4 available
 Memory: 5837M
 Large Page Support: Disabled
 NUMA Support: Disabled
 Compressed Oops: Enabled (32-bit)
 Alignments: Space 512K, Generation 512K, Heap 2M
 Heap Min Capacity: 100M
 Heap Initial Capacity: 100M
 Heap Max Capacity: 1G
 Pre-touch: Disabled
 Parallel Workers: 4
Heap:
 PSYoungGen      total 26624K, used 26531K [0x00000000eab00000, 0x00000000ecf80000, 0x0000000100000000)
  eden space 17920K, 100% used [0x00000000eab00000,0x00000000ebc80000,0x00000000ebc80000)
  from space 8704K, 98% used [0x00000000ec700000,0x00000000ecf68cb0,0x00000000ecf80000)
  to   space 9216K, 0% used [0x00000000ebd80000,0x00000000ebd80000,0x00000000ec680000)
 ParOldGen       total 153088K, used 123661K [0x00000000c0000000, 0x00000000c9580000, 0x00000000eab00000)
  object space 153088K, 80% used [0x00000000c0000000,0x00000000c78c3718,0x00000000c9580000)
 Metaspace       used 88538K, committed 90048K, reserved 1179648K
  class space    used 9281K, committed 9984K, reserved 1048576K
GC Heap History (20 events):
Event: 706.296 GC heap before
{Heap before GC invocations=164 (full 8):
 PSYoungGen      total 23552K, used 23462K [0x00000000eab00000, 0x00000000ecd80000, 0x0000000100000000)
  eden space 15360K, 99% used [0x00000000eab00000,0x00000000eb9f16c8,0x00000000eba00000)
  from space 8192K, 99% used [0x00000000ec380000,0x00000000ecb78320,0x00000000ecb80000)
  to   space 9728K, 0% used [0x00000000eba00000,0x00000000eba00000,0x00000000ec380000)
 ParOldGen       total 153088K, used 115647K [0x00000000c0000000, 0x00000000c9580000, 0x00000000eab00000)
  object space 153088K, 75% used [0x00000000c0000000,0x00000000c70efcf8,0x00000000c9580000)
 Metaspace       used 87909K, committed 89408K, reserved 1179648K
  class space    used 9233K, committed 9920K, reserved 1048576K
}
Event: 706.308 GC heap after
{Heap after GC invocations=164 (full 8):
 PSYoungGen      total 23552K, used 8101K [0x00000000eab00000, 0x00000000ecb00000, 0x0000000100000000)
  eden space 15360K, 0% used [0x00000000eab00000,0x00000000eab00000,0x00000000eba00000)
  from space 8192K, 98% used [0x00000000eba00000,0x00000000ec1e9510,0x00000000ec200000)
  to   space 8704K, 0% used [0x00000000ec280000,0x00000000ec280000,0x00000000ecb00000)
 ParOldGen       total 153088K, used 116229K [0x00000000c0000000, 0x00000000c9580000, 0x00000000eab00000)
  object space 153088K, 75% used [0x00000000c0000000,0x00000000c71814a0,0x00000000c9580000)
 Metaspace       used 87909K, committed 89408K, reserved 1179648K
  class space    used 9233K, committed 9920K, reserved 1048576K
}
Event: 710.745 GC heap before
{Heap before GC invocations=165 (full 8):
 PSYoungGen      total 23552K, used 23398K [0x00000000eab00000, 0x00000000ecb00000, 0x0000000100000000)
  eden space 15360K, 99% used [0x00000000eab00000,0x00000000eb9f0508,0x00000000eba00000)
  from space 8192K, 98% used [0x00000000eba00000,0x00000000ec1e9510,0x00000000ec200000)
  to   space 8704K, 0% used [0x00000000ec280000,0x00000000ec280000,0x00000000ecb00000)
 ParOldGen       total 153088K, used 116229K [0x00000000c0000000, 0x00000000c9580000, 0x00000000eab00000)
  object space 153088K, 75% used [0x00000000c0000000,0x00000000c71814a0,0x00000000c9580000)
 Metaspace       used 87910K, committed 89408K, reserved 1179648K
  class space    used 9233K, committed 9920K, reserved 1048576K
}
Event: 710.754 GC heap after
{Heap after GC invocations=165 (full 8):
 PSYoungGen      total 23552K, used 8075K [0x00000000eab00000, 0x00000000eca80000, 0x0000000100000000)
  eden space 15360K, 0% used [0x00000000eab00000,0x00000000eab00000,0x00000000eba00000)
  from space 8192K, 98% used [0x00000000ec280000,0x00000000eca62c10,0x00000000eca80000)
  to   space 8192K, 0% used [0x00000000eba00000,0x00000000eba00000,0x00000000ec200000)
 ParOldGen       total 153088K, used 116229K [0x00000000c0000000, 0x00000000c9580000, 0x00000000eab00000)
  object space 153088K, 75% used [0x00000000c0000000,0x00000000c71814a0,0x00000000c9580000)
 Metaspace       used 87910K, committed 89408K, reserved 1179648K
  class space    used 9233K, committed 9920K, reserved 1048576K
}
Event: 713.909 GC heap before
{Heap before GC invocations=166 (full 8):
 PSYoungGen      total 23552K, used 23434K [0x00000000eab00000, 0x00000000eca80000, 0x0000000100000000)
  eden space 15360K, 99% used [0x00000000eab00000,0x00000000eb9fffe8,0x00000000eba00000)
  from space 8192K, 98% used [0x00000000ec280000,0x00000000eca62c10,0x00000000eca80000)
  to   space 8192K, 0% used [0x00000000eba00000,0x00000000eba00000,0x00000000ec200000)
 ParOldGen       total 153088K, used 116229K [0x00000000c0000000, 0x00000000c9580000, 0x00000000eab00000)
  object space 153088K, 75% used [0x00000000c0000000,0x00000000c71814a0,0x00000000c9580000)
 Metaspace       used 87938K, committed 89408K, reserved 1179648K
  class space    used 9236K, committed 9920K, reserved 1048576K
}
Event: 713.924 GC heap after
{Heap after GC invocations=166 (full 8):
 PSYoungGen      total 23552K, used 8164K [0x00000000eab00000, 0x00000000ecb00000, 0x0000000100000000)
  eden space 15360K, 0% used [0x00000000eab00000,0x00000000eab00000,0x00000000eba00000)
  from space 8192K, 99% used [0x00000000eba00000,0x00000000ec1f9250,0x00000000ec200000)
  to   space 8704K, 0% used [0x00000000ec280000,0x00000000ec280000,0x00000000ecb00000)
 ParOldGen       total 153088K, used 116541K [0x00000000c0000000, 0x00000000c9580000, 0x00000000eab00000)
  object space 153088K, 76% used [0x00000000c0000000,0x00000000c71cf4a0,0x00000000c9580000)
 Metaspace       used 87938K, committed 89408K, reserved 1179648K
  class space    used 9236K, committed 9920K, reserved 1048576K
}
Event: 714.736 GC heap before
{Heap before GC invocations=167 (full 8):
 PSYoungGen      total 23552K, used 23524K [0x00000000eab00000, 0x00000000ecb00000, 0x0000000100000000)
  eden space 15360K, 100% used [0x00000000eab00000,0x00000000eba00000,0x00000000eba00000)
  from space 8192K, 99% used [0x00000000eba00000,0x00000000ec1f9250,0x00000000ec200000)
  to   space 8704K, 0% used [0x00000000ec280000,0x00000000ec280000,0x00000000ecb00000)
 ParOldGen       total 153088K, used 116541K [0x00000000c0000000, 0x00000000c9580000, 0x00000000eab00000)
  object space 153088K, 76% used [0x00000000c0000000,0x00000000c71cf4a0,0x00000000c9580000)
 Metaspace       used 88008K, committed 89536K, reserved 1179648K
  class space    used 9241K, committed 9920K, reserved 1048576K
}
Event: 714.746 GC heap after
{Heap after GC invocations=167 (full 8):
 PSYoungGen      total 24064K, used 8593K [0x00000000eab00000, 0x00000000ecb00000, 0x0000000100000000)
  eden space 15360K, 0% used [0x00000000eab00000,0x00000000eab00000,0x00000000eba00000)
  from space 8704K, 98% used [0x00000000ec280000,0x00000000ecae4760,0x00000000ecb00000)
  to   space 8704K, 0% used [0x00000000eba00000,0x00000000eba00000,0x00000000ec280000)
 ParOldGen       total 153088K, used 117205K [0x00000000c0000000, 0x00000000c9580000, 0x00000000eab00000)
  object space 153088K, 76% used [0x00000000c0000000,0x00000000c7275400,0x00000000c9580000)
 Metaspace       used 88008K, committed 89536K, reserved 1179648K
  class space    used 9241K, committed 9920K, reserved 1048576K
}
Event: 714.804 GC heap before
{Heap before GC invocations=168 (full 8):
 PSYoungGen      total 24064K, used 23953K [0x00000000eab00000, 0x00000000ecb00000, 0x0000000100000000)
  eden space 15360K, 100% used [0x00000000eab00000,0x00000000eba00000,0x00000000eba00000)
  from space 8704K, 98% used [0x00000000ec280000,0x00000000ecae4760,0x00000000ecb00000)
  to   space 8704K, 0% used [0x00000000eba00000,0x00000000eba00000,0x00000000ec280000)
 ParOldGen       total 153088K, used 117205K [0x00000000c0000000, 0x00000000c9580000, 0x00000000eab00000)
  object space 153088K, 76% used [0x00000000c0000000,0x00000000c7275400,0x00000000c9580000)
 Metaspace       used 88009K, committed 89536K, reserved 1179648K
  class space    used 9241K, committed 9920K, reserved 1048576K
}
Event: 714.820 GC heap after
{Heap after GC invocations=168 (full 8):
 PSYoungGen      total 24064K, used 8679K [0x00000000eab00000, 0x00000000ecd00000, 0x0000000100000000)
  eden space 15360K, 0% used [0x00000000eab00000,0x00000000eab00000,0x00000000eba00000)
  from space 8704K, 99% used [0x00000000eba00000,0x00000000ec279e50,0x00000000ec280000)
  to   space 9216K, 0% used [0x00000000ec400000,0x00000000ec400000,0x00000000ecd00000)
 ParOldGen       total 153088K, used 117517K [0x00000000c0000000, 0x00000000c9580000, 0x00000000eab00000)
  object space 153088K, 76% used [0x00000000c0000000,0x00000000c72c3400,0x00000000c9580000)
 Metaspace       used 88009K, committed 89536K, reserved 1179648K
  class space    used 9241K, committed 9920K, reserved 1048576K
}
Event: 714.917 GC heap before
{Heap before GC invocations=169 (full 8):
 PSYoungGen      total 24064K, used 24039K [0x00000000eab00000, 0x00000000ecd00000, 0x0000000100000000)
  eden space 15360K, 100% used [0x00000000eab00000,0x00000000eba00000,0x00000000eba00000)
  from space 8704K, 99% used [0x00000000eba00000,0x00000000ec279e50,0x00000000ec280000)
  to   space 9216K, 0% used [0x00000000ec400000,0x00000000ec400000,0x00000000ecd00000)
 ParOldGen       total 153088K, used 117517K [0x00000000c0000000, 0x00000000c9580000, 0x00000000eab00000)
  object space 153088K, 76% used [0x00000000c0000000,0x00000000c72c3400,0x00000000c9580000)
 Metaspace       used 88010K, committed 89536K, reserved 1179648K
  class space    used 9241K, committed 9920K, reserved 1048576K
}
Event: 714.935 GC heap after
{Heap after GC invocations=169 (full 8):
 PSYoungGen      total 25600K, used 8762K [0x00000000eab00000, 0x00000000ecd80000, 0x0000000100000000)
  eden space 16384K, 0% used [0x00000000eab00000,0x00000000eab00000,0x00000000ebb00000)
  from space 9216K, 95% used [0x00000000ec400000,0x00000000ecc8e950,0x00000000ecd00000)
  to   space 9216K, 0% used [0x00000000ebb00000,0x00000000ebb00000,0x00000000ec400000)
 ParOldGen       total 153088K, used 118261K [0x00000000c0000000, 0x00000000c9580000, 0x00000000eab00000)
  object space 153088K, 77% used [0x00000000c0000000,0x00000000c737d400,0x00000000c9580000)
 Metaspace       used 88010K, committed 89536K, reserved 1179648K
  class space    used 9241K, committed 9920K, reserved 1048576K
}
Event: 714.980 GC heap before
{Heap before GC invocations=170 (full 8):
 PSYoungGen      total 25600K, used 25146K [0x00000000eab00000, 0x00000000ecd80000, 0x0000000100000000)
  eden space 16384K, 100% used [0x00000000eab00000,0x00000000ebb00000,0x00000000ebb00000)
  from space 9216K, 95% used [0x00000000ec400000,0x00000000ecc8e950,0x00000000ecd00000)
  to   space 9216K, 0% used [0x00000000ebb00000,0x00000000ebb00000,0x00000000ec400000)
 ParOldGen       total 153088K, used 118261K [0x00000000c0000000, 0x00000000c9580000, 0x00000000eab00000)
  object space 153088K, 77% used [0x00000000c0000000,0x00000000c737d400,0x00000000c9580000)
 Metaspace       used 88010K, committed 89536K, reserved 1179648K
  class space    used 9241K, committed 9920K, reserved 1048576K
}
Event: 714.992 GC heap after
{Heap after GC invocations=170 (full 8):
 PSYoungGen      total 25600K, used 8605K [0x00000000eab00000, 0x00000000ece00000, 0x0000000100000000)
  eden space 16384K, 0% used [0x00000000eab00000,0x00000000eab00000,0x00000000ebb00000)
  from space 9216K, 93% used [0x00000000ebb00000,0x00000000ec367658,0x00000000ec400000)
  to   space 8704K, 0% used [0x00000000ec580000,0x00000000ec580000,0x00000000ece00000)
 ParOldGen       total 153088K, used 118261K [0x00000000c0000000, 0x00000000c9580000, 0x00000000eab00000)
  object space 153088K, 77% used [0x00000000c0000000,0x00000000c737d400,0x00000000c9580000)
 Metaspace       used 88010K, committed 89536K, reserved 1179648K
  class space    used 9241K, committed 9920K, reserved 1048576K
}
Event: 715.953 GC heap before
{Heap before GC invocations=171 (full 8):
 PSYoungGen      total 25600K, used 24989K [0x00000000eab00000, 0x00000000ece00000, 0x0000000100000000)
  eden space 16384K, 100% used [0x00000000eab00000,0x00000000ebb00000,0x00000000ebb00000)
  from space 9216K, 93% used [0x00000000ebb00000,0x00000000ec367658,0x00000000ec400000)
  to   space 8704K, 0% used [0x00000000ec580000,0x00000000ec580000,0x00000000ece00000)
 ParOldGen       total 153088K, used 118261K [0x00000000c0000000, 0x00000000c9580000, 0x00000000eab00000)
  object space 153088K, 77% used [0x00000000c0000000,0x00000000c737d400,0x00000000c9580000)
 Metaspace       used 88121K, committed 89600K, reserved 1179648K
  class space    used 9250K, committed 9920K, reserved 1048576K
}
Event: 715.962 GC heap after
{Heap after GC invocations=171 (full 8):
 PSYoungGen      total 26112K, used 8024K [0x00000000eab00000, 0x00000000ecd80000, 0x0000000100000000)
  eden space 17920K, 0% used [0x00000000eab00000,0x00000000eab00000,0x00000000ebc80000)
  from space 8192K, 97% used [0x00000000ec580000,0x00000000ecd56378,0x00000000ecd80000)
  to   space 8704K, 0% used [0x00000000ebc80000,0x00000000ebc80000,0x00000000ec500000)
 ParOldGen       total 153088K, used 118669K [0x00000000c0000000, 0x00000000c9580000, 0x00000000eab00000)
  object space 153088K, 77% used [0x00000000c0000000,0x00000000c73e3400,0x00000000c9580000)
 Metaspace       used 88121K, committed 89600K, reserved 1179648K
  class space    used 9250K, committed 9920K, reserved 1048576K
}
Event: 717.400 GC heap before
{Heap before GC invocations=172 (full 8):
 PSYoungGen      total 26112K, used 25944K [0x00000000eab00000, 0x00000000ecd80000, 0x0000000100000000)
  eden space 17920K, 100% used [0x00000000eab00000,0x00000000ebc80000,0x00000000ebc80000)
  from space 8192K, 97% used [0x00000000ec580000,0x00000000ecd56378,0x00000000ecd80000)
  to   space 8704K, 0% used [0x00000000ebc80000,0x00000000ebc80000,0x00000000ec500000)
 ParOldGen       total 153088K, used 118669K [0x00000000c0000000, 0x00000000c9580000, 0x00000000eab00000)
  object space 153088K, 77% used [0x00000000c0000000,0x00000000c73e3400,0x00000000c9580000)
 Metaspace       used 88302K, committed 89792K, reserved 1179648K
  class space    used 9257K, committed 9920K, reserved 1048576K
}
Event: 717.407 GC heap after
{Heap after GC invocations=172 (full 8):
 PSYoungGen      total 26624K, used 8696K [0x00000000eab00000, 0x00000000ed000000, 0x0000000100000000)
  eden space 17920K, 0% used [0x00000000eab00000,0x00000000eab00000,0x00000000ebc80000)
  from space 8704K, 99% used [0x00000000ebc80000,0x00000000ec4fe2f0,0x00000000ec500000)
  to   space 9216K, 0% used [0x00000000ec700000,0x00000000ec700000,0x00000000ed000000)
 ParOldGen       total 153088K, used 118965K [0x00000000c0000000, 0x00000000c9580000, 0x00000000eab00000)
  object space 153088K, 77% used [0x00000000c0000000,0x00000000c742d400,0x00000000c9580000)
 Metaspace       used 88302K, committed 89792K, reserved 1179648K
  class space    used 9257K, committed 9920K, reserved 1048576K
}
Event: 717.716 GC heap before
{Heap before GC invocations=173 (full 8):
 PSYoungGen      total 26624K, used 26616K [0x00000000eab00000, 0x00000000ed000000, 0x0000000100000000)
  eden space 17920K, 100% used [0x00000000eab00000,0x00000000ebc80000,0x00000000ebc80000)
  from space 8704K, 99% used [0x00000000ebc80000,0x00000000ec4fe2f0,0x00000000ec500000)
  to   space 9216K, 0% used [0x00000000ec700000,0x00000000ec700000,0x00000000ed000000)
 ParOldGen       total 153088K, used 118965K [0x00000000c0000000, 0x00000000c9580000, 0x00000000eab00000)
  object space 153088K, 77% used [0x00000000c0000000,0x00000000c742d400,0x00000000c9580000)
 Metaspace       used 88467K, committed 89984K, reserved 1179648K
  class space    used 9272K, committed 9984K, reserved 1048576K
}
Event: 717.725 GC heap after
{Heap after GC invocations=173 (full 8):
 PSYoungGen      total 26624K, used 8509K [0x00000000eab00000, 0x00000000ecf80000, 0x0000000100000000)
  eden space 17920K, 0% used [0x00000000eab00000,0x00000000eab00000,0x00000000ebc80000)
  from space 8704K, 97% used [0x00000000ec700000,0x00000000ecf4f568,0x00000000ecf80000)
  to   space 8704K, 0% used [0x00000000ebc80000,0x00000000ebc80000,0x00000000ec500000)
 ParOldGen       total 153088K, used 120500K [0x00000000c0000000, 0x00000000c9580000, 0x00000000eab00000)
  object space 153088K, 78% used [0x00000000c0000000,0x00000000c75ad100,0x00000000c9580000)
 Metaspace       used 88467K, committed 89984K, reserved 1179648K
  class space    used 9272K, committed 9984K, reserved 1048576K
}

